#
# There is insufficient memory for the Java Runtime Environment to continue.
# Native memory allocation (malloc) failed to allocate 2337568 bytes for Chunk::new
# Possible reasons:
#   The system is out of physical RAM or swap space
#   The process is running with CompressedOops enabled, and the Java Heap may be blocking the growth of the native heap
# Possible solutions:
#   Reduce memory load on the system
#   Increase physical memory or swap space
#   Check if swap backing store is full
#   Decrease Java heap size (-Xmx/-Xms)
#   Decrease number of Java threads
#   Decrease Java thread stack sizes (-Xss)
#   Set larger code cache with -XX:ReservedCodeCacheSize=
#   JVM is running with Unscaled Compressed Oops mode in which the Java heap is
#     placed in the first 4GB address space. The Java Heap base address is the
#     maximum limit for the native heap growth. Please use -XX:HeapBaseMinAddress
#     to set the Java Heap base and to place the Java Heap above 4GB virtual address.
# This output file may be truncated or incomplete.
#
#  Out of Memory Error (./src/hotspot/share/memory/arena.cpp:195), pid=9212, tid=11332
#
# JRE version: OpenJDK Runtime Environment AdoptOpenJDK (14.0.2+12) (build 14.0.2+12)
# Java VM: OpenJDK 64-Bit Server VM AdoptOpenJDK (14.0.2+12, mixed mode, sharing, tiered, compressed oops, g1 gc, windows-amd64)
# No core dump will be written. Minidumps are not enabled by default on client versions of Windows
#

---------------  S U M M A R Y ------------

Command Line: org.jetbrains.kotlin.cli.jvm.K2JVMCompiler @D:\Documents\Study\ITMO\Multithreading Programming\homework\casn-without-aba\build\20230122_4025322676282518065.compiler.options

Host: AMD Ryzen 7 3700U with Radeon Vega Mobile Gfx  , 8 cores, 6G,  Windows 10 , 64 bit Build 22000 (10.0.22000.1335)
Time: Sun Jan 22 17:17:33 2023 RTZ 2 (зима) elapsed time: 3 seconds (0d 0h 0m 3s)

---------------  T H R E A D  ---------------

Current thread (0x0000027476c51800):  JavaThread "C2 CompilerThread0" daemon [_thread_in_native, id=11332, stack(0x000000c6b3000000,0x000000c6b3100000)]


Current CompileTask:
C2:   3626 2062   !   4       jdk.internal.loader.BuiltinClassLoader::loadClassOrNull (143 bytes)

Stack: [0x000000c6b3000000,0x000000c6b3100000]
Native frames: (J=compiled Java code, j=interpreted, Vv=VM code, C=native code)
V  [jvm.dll+0x5fd67a]
V  [jvm.dll+0x79785a]
V  [jvm.dll+0x79900f]
V  [jvm.dll+0x799653]
V  [jvm.dll+0x20f108]
V  [jvm.dll+0xace47]
V  [jvm.dll+0xad53c]
V  [jvm.dll+0x31f005]
V  [jvm.dll+0x18e4f0]
V  [jvm.dll+0x1e7cba]
V  [jvm.dll+0x1e6e78]
V  [jvm.dll+0x179d0c]
V  [jvm.dll+0x1f5f55]
V  [jvm.dll+0x1f413b]
V  [jvm.dll+0x75c3ad]
V  [jvm.dll+0x7551ba]
V  [jvm.dll+0x5fc4d6]
C  [ucrtbase.dll+0x26c0c]
C  [KERNEL32.DLL+0x155a0]
C  [ntdll.dll+0x485b]


---------------  P R O C E S S  ---------------

Threads class SMR info:
_java_thread_list=0x00000274776f9700, length=11, elements={
0x0000027458264000, 0x0000027476c2c000, 0x0000027476c2d000, 0x0000027476c4a800,
0x0000027476c4d800, 0x0000027476c50800, 0x0000027476c51800, 0x0000027476c61000,
0x0000027476c8b800, 0x00000274776cd800, 0x00000274776ce800
}

Java Threads: ( => current thread )
  0x0000027458264000 JavaThread "main" [_thread_in_Java, id=17580, stack(0x000000c6b2400000,0x000000c6b2500000)]
  0x0000027476c2c000 JavaThread "Reference Handler" daemon [_thread_blocked, id=16588, stack(0x000000c6b2b00000,0x000000c6b2c00000)]
  0x0000027476c2d000 JavaThread "Finalizer" daemon [_thread_blocked, id=17468, stack(0x000000c6b2c00000,0x000000c6b2d00000)]
  0x0000027476c4a800 JavaThread "Signal Dispatcher" daemon [_thread_blocked, id=15304, stack(0x000000c6b2d00000,0x000000c6b2e00000)]
  0x0000027476c4d800 JavaThread "Attach Listener" daemon [_thread_blocked, id=7732, stack(0x000000c6b2e00000,0x000000c6b2f00000)]
  0x0000027476c50800 JavaThread "Service Thread" daemon [_thread_blocked, id=6260, stack(0x000000c6b2f00000,0x000000c6b3000000)]
=>0x0000027476c51800 JavaThread "C2 CompilerThread0" daemon [_thread_in_native, id=11332, stack(0x000000c6b3000000,0x000000c6b3100000)]
  0x0000027476c61000 JavaThread "C1 CompilerThread0" daemon [_thread_blocked, id=9524, stack(0x000000c6b3100000,0x000000c6b3200000)]
  0x0000027476c8b800 JavaThread "Sweeper thread" daemon [_thread_blocked, id=20148, stack(0x000000c6b3200000,0x000000c6b3300000)]
  0x00000274776cd800 JavaThread "Notification Thread" daemon [_thread_blocked, id=16392, stack(0x000000c6b3300000,0x000000c6b3400000)]
  0x00000274776ce800 JavaThread "Common-Cleaner" daemon [_thread_blocked, id=16520, stack(0x000000c6b3500000,0x000000c6b3600000)]

Other Threads:
  0x0000027476c2a000 VMThread "VM Thread" [stack: 0x000000c6b2a00000,0x000000c6b2b00000] [id=5684]
  0x00000274776de000 WatcherThread [stack: 0x000000c6b3400000,0x000000c6b3500000] [id=4812]
  0x000002745829e000 GCTaskThread "GC Thread#0" [stack: 0x000000c6b2500000,0x000000c6b2600000] [id=15116]
  0x0000027477ba3800 GCTaskThread "GC Thread#1" [stack: 0x000000c6b3600000,0x000000c6b3700000] [id=11184]
  0x00000274582af000 ConcurrentGCThread "G1 Main Marker" [stack: 0x000000c6b2600000,0x000000c6b2700000] [id=9744]
  0x00000274582b2800 ConcurrentGCThread "G1 Conc#0" [stack: 0x000000c6b2700000,0x000000c6b2800000] [id=11432]
  0x0000027477c25000 ConcurrentGCThread "G1 Conc#1" [stack: 0x000000c6b3700000,0x000000c6b3800000] [id=9520]
  0x0000027458338800 ConcurrentGCThread "G1 Refine#0" [stack: 0x000000c6b2800000,0x000000c6b2900000] [id=11080]
  0x0000027458339800 ConcurrentGCThread "G1 Young RemSet Sampling" [stack: 0x000000c6b2900000,0x000000c6b2a00000] [id=13020]

Threads with active compile tasks:
C2 CompilerThread0     3668 2062   !   4       jdk.internal.loader.BuiltinClassLoader::loadClassOrNull (143 bytes)

VM state:not at safepoint (normal execution)

VM Mutex/Monitor currently owned by a thread: None

Heap address: 0x0000000091000000, size: 1776 MB, Compressed Oops mode: 32-bit
Narrow klass base: 0x0000000800000000, Narrow klass shift: 3
Compressed class space size: 1073741824 Address: 0x0000000800b30000

Heap:
 garbage-first heap   total 71680K, used 47413K [0x0000000091000000, 0x0000000100000000)
  region size 1024K, 33 young (33792K), 5 survivors (5120K)
 Metaspace       used 26044K, capacity 27088K, committed 27136K, reserved 1079296K
  class space    used 3561K, capacity 3797K, committed 3840K, reserved 1048576K
Heap Regions: E=young(eden), S=young(survivor), O=old, HS=humongous(starts), HC=humongous(continues), CS=collection set, F=free, OA=open archive, CA=closed archive, TAMS=top-at-mark-start (previous, next)
|   0|0x0000000091000000, 0x0000000091100000, 0x0000000091100000|100%|HS|  |TAMS 0x0000000091100000, 0x0000000091000000| Complete 
|   1|0x0000000091100000, 0x0000000091200000, 0x0000000091200000|100%|HC|  |TAMS 0x0000000091200000, 0x0000000091100000| Complete 
|   2|0x0000000091200000, 0x0000000091300000, 0x0000000091300000|100%|HC|  |TAMS 0x0000000091300000, 0x0000000091200000| Complete 
|   3|0x0000000091300000, 0x0000000091400000, 0x0000000091400000|100%| O|  |TAMS 0x0000000091400000, 0x0000000091300000| Untracked 
|   4|0x0000000091400000, 0x0000000091500000, 0x0000000091500000|100%| O|  |TAMS 0x0000000091500000, 0x0000000091400000| Untracked 
|   5|0x0000000091500000, 0x00000000915bb800, 0x0000000091600000| 73%| O|  |TAMS 0x00000000915bb800, 0x0000000091500000| Untracked 
|   6|0x0000000091600000, 0x0000000091700000, 0x0000000091700000|100%| O|  |TAMS 0x0000000091700000, 0x0000000091600000| Untracked 
|   7|0x0000000091700000, 0x0000000091800000, 0x0000000091800000|100%| O|  |TAMS 0x0000000091800000, 0x0000000091700000| Untracked 
|   8|0x0000000091800000, 0x0000000091900000, 0x0000000091900000|100%| O|  |TAMS 0x0000000091900000, 0x0000000091800000| Untracked 
|   9|0x0000000091900000, 0x0000000091a00000, 0x0000000091a00000|100%| O|  |TAMS 0x000000009196ce00, 0x0000000091900000| Untracked 
|  10|0x0000000091a00000, 0x0000000091b00000, 0x0000000091b00000|100%|HS|  |TAMS 0x0000000091b00000, 0x0000000091a00000| Complete 
|  11|0x0000000091b00000, 0x0000000091c00000, 0x0000000091c00000|100%|HC|  |TAMS 0x0000000091c00000, 0x0000000091b00000| Complete 
|  12|0x0000000091c00000, 0x0000000091d00000, 0x0000000091d00000|100%|HC|  |TAMS 0x0000000091d00000, 0x0000000091c00000| Complete 
|  13|0x0000000091d00000, 0x0000000091e00000, 0x0000000091e00000|100%| O|  |TAMS 0x0000000091d00000, 0x0000000091d00000| Untracked 
|  14|0x0000000091e00000, 0x0000000091e91e00, 0x0000000091f00000| 56%| O|  |TAMS 0x0000000091e00000, 0x0000000091e00000| Untracked 
|  15|0x0000000091f00000, 0x0000000091f00000, 0x0000000092000000|  0%| F|  |TAMS 0x0000000091f00000, 0x0000000091f00000| Untracked 
|  16|0x0000000092000000, 0x0000000092000000, 0x0000000092100000|  0%| F|  |TAMS 0x0000000092000000, 0x0000000092000000| Untracked 
|  17|0x0000000092100000, 0x0000000092100000, 0x0000000092200000|  0%| F|  |TAMS 0x0000000092100000, 0x0000000092100000| Untracked 
|  18|0x0000000092200000, 0x0000000092200000, 0x0000000092300000|  0%| F|  |TAMS 0x0000000092200000, 0x0000000092200000| Untracked 
|  19|0x0000000092300000, 0x0000000092300000, 0x0000000092400000|  0%| F|  |TAMS 0x0000000092300000, 0x0000000092300000| Untracked 
|  20|0x0000000092400000, 0x0000000092400000, 0x0000000092500000|  0%| F|  |TAMS 0x0000000092400000, 0x0000000092400000| Untracked 
|  21|0x0000000092500000, 0x0000000092500000, 0x0000000092600000|  0%| F|  |TAMS 0x0000000092500000, 0x0000000092500000| Untracked 
|  22|0x0000000092600000, 0x0000000092600000, 0x0000000092700000|  0%| F|  |TAMS 0x0000000092600000, 0x0000000092600000| Untracked 
|  23|0x0000000092700000, 0x0000000092700000, 0x0000000092800000|  0%| F|  |TAMS 0x0000000092700000, 0x0000000092700000| Untracked 
|  24|0x0000000092800000, 0x0000000092800000, 0x0000000092900000|  0%| F|  |TAMS 0x0000000092800000, 0x0000000092800000| Untracked 
|  25|0x0000000092900000, 0x0000000092900000, 0x0000000092a00000|  0%| F|  |TAMS 0x0000000092900000, 0x0000000092900000| Untracked 
|  26|0x0000000092a00000, 0x0000000092a00000, 0x0000000092b00000|  0%| F|  |TAMS 0x0000000092a00000, 0x0000000092a00000| Untracked 
|  27|0x0000000092b00000, 0x0000000092b00000, 0x0000000092c00000|  0%| F|  |TAMS 0x0000000092b00000, 0x0000000092b00000| Untracked 
|  28|0x0000000092c00000, 0x0000000092c00000, 0x0000000092d00000|  0%| F|  |TAMS 0x0000000092c00000, 0x0000000092c00000| Untracked 
|  29|0x0000000092d00000, 0x0000000092d00000, 0x0000000092e00000|  0%| F|  |TAMS 0x0000000092d00000, 0x0000000092d00000| Untracked 
|  30|0x0000000092e00000, 0x0000000092e00000, 0x0000000092f00000|  0%| F|  |TAMS 0x0000000092e00000, 0x0000000092e00000| Untracked 
|  31|0x0000000092f00000, 0x0000000092f00000, 0x0000000093000000|  0%| F|  |TAMS 0x0000000092f00000, 0x0000000092f00000| Untracked 
|  32|0x0000000093000000, 0x0000000093000000, 0x0000000093100000|  0%| F|  |TAMS 0x0000000093000000, 0x0000000093000000| Untracked 
|  33|0x0000000093100000, 0x0000000093100000, 0x0000000093200000|  0%| F|  |TAMS 0x0000000093100000, 0x0000000093100000| Untracked 
|  34|0x0000000093200000, 0x0000000093200000, 0x0000000093300000|  0%| F|  |TAMS 0x0000000093200000, 0x0000000093200000| Untracked 
|  35|0x0000000093300000, 0x0000000093300000, 0x0000000093400000|  0%| F|  |TAMS 0x0000000093300000, 0x0000000093300000| Untracked 
|  36|0x0000000093400000, 0x0000000093400000, 0x0000000093500000|  0%| F|  |TAMS 0x0000000093400000, 0x0000000093400000| Untracked 
|  37|0x0000000093500000, 0x0000000093600000, 0x0000000093600000|100%| E|  |TAMS 0x0000000093500000, 0x0000000093500000| Complete 
|  38|0x0000000093600000, 0x0000000093700000, 0x0000000093700000|100%| E|CS|TAMS 0x0000000093600000, 0x0000000093600000| Complete 
|  39|0x0000000093700000, 0x0000000093800000, 0x0000000093800000|100%| E|CS|TAMS 0x0000000093700000, 0x0000000093700000| Complete 
|  40|0x0000000093800000, 0x0000000093900000, 0x0000000093900000|100%| S|CS|TAMS 0x0000000093800000, 0x0000000093800000| Complete 
|  41|0x0000000093900000, 0x0000000093a00000, 0x0000000093a00000|100%| S|CS|TAMS 0x0000000093900000, 0x0000000093900000| Complete 
|  42|0x0000000093a00000, 0x0000000093b00000, 0x0000000093b00000|100%| S|CS|TAMS 0x0000000093a00000, 0x0000000093a00000| Complete 
|  43|0x0000000093b00000, 0x0000000093c00000, 0x0000000093c00000|100%| S|CS|TAMS 0x0000000093b00000, 0x0000000093b00000| Complete 
|  44|0x0000000093c00000, 0x0000000093d00000, 0x0000000093d00000|100%| S|CS|TAMS 0x0000000093c00000, 0x0000000093c00000| Complete 
|  45|0x0000000093d00000, 0x0000000093e00000, 0x0000000093e00000|100%| E|CS|TAMS 0x0000000093d00000, 0x0000000093d00000| Complete 
|  46|0x0000000093e00000, 0x0000000093f00000, 0x0000000093f00000|100%| E|CS|TAMS 0x0000000093e00000, 0x0000000093e00000| Complete 
|  47|0x0000000093f00000, 0x0000000094000000, 0x0000000094000000|100%| E|CS|TAMS 0x0000000093f00000, 0x0000000093f00000| Complete 
|  48|0x0000000094000000, 0x0000000094100000, 0x0000000094100000|100%| E|CS|TAMS 0x0000000094000000, 0x0000000094000000| Complete 
|  49|0x0000000094100000, 0x0000000094200000, 0x0000000094200000|100%| E|CS|TAMS 0x0000000094100000, 0x0000000094100000| Complete 
|  50|0x0000000094200000, 0x0000000094300000, 0x0000000094300000|100%| E|CS|TAMS 0x0000000094200000, 0x0000000094200000| Complete 
|  51|0x0000000094300000, 0x0000000094400000, 0x0000000094400000|100%| E|CS|TAMS 0x0000000094300000, 0x0000000094300000| Complete 
|  52|0x0000000094400000, 0x0000000094500000, 0x0000000094500000|100%| E|CS|TAMS 0x0000000094400000, 0x0000000094400000| Complete 
|  53|0x0000000094500000, 0x0000000094600000, 0x0000000094600000|100%| E|CS|TAMS 0x0000000094500000, 0x0000000094500000| Complete 
|  54|0x0000000094600000, 0x0000000094700000, 0x0000000094700000|100%| E|CS|TAMS 0x0000000094600000, 0x0000000094600000| Complete 
|  55|0x0000000094700000, 0x0000000094800000, 0x0000000094800000|100%| E|CS|TAMS 0x0000000094700000, 0x0000000094700000| Complete 
|  56|0x0000000094800000, 0x0000000094900000, 0x0000000094900000|100%| E|CS|TAMS 0x0000000094800000, 0x0000000094800000| Complete 
|  57|0x0000000094900000, 0x0000000094a00000, 0x0000000094a00000|100%| E|CS|TAMS 0x0000000094900000, 0x0000000094900000| Complete 
|  58|0x0000000094a00000, 0x0000000094b00000, 0x0000000094b00000|100%| E|CS|TAMS 0x0000000094a00000, 0x0000000094a00000| Complete 
|  59|0x0000000094b00000, 0x0000000094c00000, 0x0000000094c00000|100%| E|CS|TAMS 0x0000000094b00000, 0x0000000094b00000| Complete 
|  60|0x0000000094c00000, 0x0000000094d00000, 0x0000000094d00000|100%| E|CS|TAMS 0x0000000094c00000, 0x0000000094c00000| Complete 
|  61|0x0000000094d00000, 0x0000000094e00000, 0x0000000094e00000|100%| E|CS|TAMS 0x0000000094d00000, 0x0000000094d00000| Complete 
|  62|0x0000000094e00000, 0x0000000094f00000, 0x0000000094f00000|100%| E|CS|TAMS 0x0000000094e00000, 0x0000000094e00000| Complete 
|  63|0x0000000094f00000, 0x0000000095000000, 0x0000000095000000|100%| E|CS|TAMS 0x0000000094f00000, 0x0000000094f00000| Complete 
|  64|0x0000000095000000, 0x0000000095100000, 0x0000000095100000|100%| E|CS|TAMS 0x0000000095000000, 0x0000000095000000| Complete 
|  65|0x0000000095100000, 0x0000000095200000, 0x0000000095200000|100%| E|CS|TAMS 0x0000000095100000, 0x0000000095100000| Complete 
|  66|0x0000000095200000, 0x0000000095300000, 0x0000000095300000|100%| E|CS|TAMS 0x0000000095200000, 0x0000000095200000| Complete 
|  67|0x0000000095300000, 0x0000000095400000, 0x0000000095400000|100%| E|CS|TAMS 0x0000000095300000, 0x0000000095300000| Complete 
| 109|0x0000000097d00000, 0x0000000097e00000, 0x0000000097e00000|100%| E|CS|TAMS 0x0000000097d00000, 0x0000000097d00000| Complete 
| 111|0x0000000097f00000, 0x0000000098000000, 0x0000000098000000|100%| E|CS|TAMS 0x0000000097f00000, 0x0000000097f00000| Complete 

Card table byte_map: [0x0000027470390000,0x0000027470710000] _byte_map_base: 0x000002746ff08000

Marking Bits (Prev, Next): (CMBitMap*) 0x000002745829e968, (CMBitMap*) 0x000002745829e9a8
 Prev Bits: [0x0000027470a90000, 0x0000027472650000)
 Next Bits: [0x0000027472650000, 0x0000027474210000)

Polling page: 0x0000027456270000

Metaspace:

Usage:
  Non-class:     22.81 MB capacity,    21.98 MB ( 96%) used,   806.59 KB (  3%) free+waste,    43.31 KB ( <1%) overhead. 
      Class:      3.71 MB capacity,     3.48 MB ( 94%) used,   207.16 KB (  5%) free+waste,    22.50 KB ( <1%) overhead. 
       Both:     26.52 MB capacity,    25.46 MB ( 96%) used,  1013.76 KB (  4%) free+waste,    65.81 KB ( <1%) overhead. 

Virtual space:
  Non-class space:       30.00 MB reserved,      23.00 MB ( 77%) committed 
      Class space:        1.00 GB reserved,       3.75 MB ( <1%) committed 
             Both:        1.03 GB reserved,      26.75 MB (  3%) committed 

Chunk freelists:
   Non-Class:  5.00 KB
       Class:  11.00 KB
        Both:  16.00 KB

MaxMetaspaceSize: 17179869184.00 GB
CompressedClassSpaceSize: 1.00 GB

CodeHeap 'non-profiled nmethods': size=120000Kb used=810Kb max_used=810Kb free=119189Kb
 bounds [0x00000274687b0000, 0x0000027468a20000, 0x000002746fce0000]
CodeHeap 'profiled nmethods': size=120000Kb used=4782Kb max_used=4782Kb free=115217Kb
 bounds [0x0000027461280000, 0x0000027461730000, 0x00000274687b0000]
CodeHeap 'non-nmethods': size=5760Kb used=1277Kb max_used=1283Kb free=4482Kb
 bounds [0x0000027460ce0000, 0x0000027460f50000, 0x0000027461280000]
 total_blobs=2934 nmethods=2380 adapters=466
 compilation: enabled
              stopped_count=0, restarted_count=0
 full_count=0

Compilation events (20 events):
Event: 3.515 Thread 0x0000027476c61000 2389       2       java.util.stream.Sink::begin (1 bytes)
Event: 3.515 Thread 0x0000027476c61000 nmethod 2389 0x0000027461724510 code [0x00000274617246a0, 0x00000274617247b8]
Event: 3.515 Thread 0x0000027476c61000 2387       1       kotlin.sequences.TransformingSequence::access$getTransformer$p (5 bytes)
Event: 3.515 Thread 0x0000027476c61000 nmethod 2387 0x0000027468879e90 code [0x000002746887a020, 0x000002746887a0b8]
Event: 3.525 Thread 0x0000027476c61000 2391   !   2       java.util.zip.ZipFile::getEntry (73 bytes)
Event: 3.525 Thread 0x0000027476c61000 nmethod 2391 0x0000027461724890 code [0x0000027461724a80, 0x0000027461724f68]
Event: 3.534 Thread 0x0000027476c61000 2392       2       java.lang.StringConcatHelper::newString (67 bytes)
Event: 3.535 Thread 0x0000027476c61000 nmethod 2392 0x0000027461725210 code [0x0000027461725420, 0x0000027461725a28]
Event: 3.537 Thread 0x0000027476c61000 2393       2       org.jetbrains.kotlin.com.intellij.util.text.ByteArrayCharSequence::charAt (17 bytes)
Event: 3.537 Thread 0x0000027476c61000 nmethod 2393 0x0000027461725c90 code [0x0000027461725e20, 0x0000027461725f78]
Event: 3.540 Thread 0x0000027476c61000 2394       2       org.jetbrains.kotlin.com.intellij.util.text.ImmutableText$Leaf8BitNode::byteToChar (7 bytes)
Event: 3.540 Thread 0x0000027476c61000 nmethod 2394 0x0000027461726090 code [0x0000027461726220, 0x00000274617262f8]
Event: 3.558 Thread 0x0000027476c61000 2396       1       org.jetbrains.kotlin.com.intellij.psi.tree.IElementType::getIndex (5 bytes)
Event: 3.558 Thread 0x0000027476c61000 nmethod 2396 0x000002746887a190 code [0x000002746887a320, 0x000002746887a3f8]
Event: 3.574 Thread 0x0000027476c61000 2397       2       java.lang.Class::newReflectionData (66 bytes)
Event: 3.575 Thread 0x0000027476c61000 nmethod 2397 0x0000027461726390 code [0x0000027461726560, 0x0000027461726a28]
Event: 3.579 Thread 0x0000027476c61000 2398   !   2       org.jetbrains.kotlin.com.intellij.psi.tree.IElementType::<init> (295 bytes)
Event: 3.583 Thread 0x0000027476c61000 nmethod 2398 0x0000027461726b90 code [0x0000027461727000, 0x00000274617286a8]
Event: 3.583 Thread 0x0000027476c61000 2399       2       org.jetbrains.kotlin.com.intellij.psi.tree.IElementType::<init> (29 bytes)
Event: 3.583 Thread 0x0000027476c61000 nmethod 2399 0x0000027461729990 code [0x0000027461729b40, 0x0000027461729d48]

GC Heap History (12 events):
Event: 0.773 GC heap before
{Heap before GC invocations=0 (full 0):
 garbage-first heap   total 114688K, used 27648K [0x0000000091000000, 0x0000000100000000)
  region size 1024K, 23 young (23552K), 0 survivors (0K)
 Metaspace       used 5822K, capacity 9434K, committed 9728K, reserved 1058816K
  class space    used 552K, capacity 909K, committed 1024K, reserved 1048576K
}
Event: 0.780 GC heap after
{Heap after GC invocations=1 (full 0):
 garbage-first heap   total 114688K, used 6032K [0x0000000091000000, 0x0000000100000000)
  region size 1024K, 3 young (3072K), 3 survivors (3072K)
 Metaspace       used 5822K, capacity 9434K, committed 9728K, reserved 1058816K
  class space    used 552K, capacity 909K, committed 1024K, reserved 1048576K
}
Event: 0.807 GC heap before
{Heap before GC invocations=1 (full 0):
 garbage-first heap   total 114688K, used 7056K [0x0000000091000000, 0x0000000100000000)
  region size 1024K, 5 young (5120K), 3 survivors (3072K)
 Metaspace       used 6000K, capacity 9562K, committed 9728K, reserved 1064960K
  class space    used 564K, capacity 909K, committed 1024K, reserved 1048576K
}
Event: 0.813 GC heap after
{Heap after GC invocations=2 (full 0):
 garbage-first heap   total 114688K, used 6385K [0x0000000091000000, 0x0000000100000000)
  region size 1024K, 1 young (1024K), 1 survivors (1024K)
 Metaspace       used 6000K, capacity 9562K, committed 9728K, reserved 1064960K
  class space    used 564K, capacity 909K, committed 1024K, reserved 1048576K
}
Event: 1.184 GC heap before
{Heap before GC invocations=3 (full 0):
 garbage-first heap   total 27648K, used 21745K [0x0000000091000000, 0x0000000100000000)
  region size 1024K, 16 young (16384K), 1 survivors (1024K)
 Metaspace       used 8768K, capacity 11943K, committed 12032K, reserved 1064960K
  class space    used 926K, capacity 1212K, committed 1280K, reserved 1048576K
}
Event: 1.190 GC heap after
{Heap after GC invocations=4 (full 0):
 garbage-first heap   total 27648K, used 7783K [0x0000000091000000, 0x0000000100000000)
  region size 1024K, 2 young (2048K), 2 survivors (2048K)
 Metaspace       used 8768K, capacity 11943K, committed 12032K, reserved 1064960K
  class space    used 926K, capacity 1212K, committed 1280K, reserved 1048576K
}
Event: 1.592 GC heap before
{Heap before GC invocations=4 (full 0):
 garbage-first heap   total 27648K, used 19047K [0x0000000091000000, 0x0000000100000000)
  region size 1024K, 13 young (13312K), 2 survivors (2048K)
 Metaspace       used 10800K, capacity 13683K, committed 13824K, reserved 1067008K
  class space    used 1149K, capacity 1438K, committed 1536K, reserved 1048576K
}
Event: 1.602 GC heap after
{Heap after GC invocations=5 (full 0):
 garbage-first heap   total 27648K, used 9391K [0x0000000091000000, 0x0000000100000000)
  region size 1024K, 2 young (2048K), 2 survivors (2048K)
 Metaspace       used 10800K, capacity 13683K, committed 13824K, reserved 1067008K
  class space    used 1149K, capacity 1438K, committed 1536K, reserved 1048576K
}
Event: 2.146 GC heap before
{Heap before GC invocations=5 (full 0):
 garbage-first heap   total 27648K, used 19631K [0x0000000091000000, 0x0000000100000000)
  region size 1024K, 12 young (12288K), 2 survivors (2048K)
 Metaspace       used 13796K, capacity 16465K, committed 16512K, reserved 1069056K
  class space    used 1591K, capacity 1873K, committed 1920K, reserved 1048576K
}
Event: 2.153 GC heap after
{Heap after GC invocations=6 (full 0):
 garbage-first heap   total 71680K, used 9984K [0x0000000091000000, 0x0000000100000000)
  region size 1024K, 1 young (1024K), 1 survivors (1024K)
 Metaspace       used 13796K, capacity 16465K, committed 16512K, reserved 1069056K
  class space    used 1591K, capacity 1873K, committed 1920K, reserved 1048576K
}
Event: 2.882 GC heap before
{Heap before GC invocations=6 (full 0):
 garbage-first heap   total 71680K, used 37632K [0x0000000091000000, 0x0000000100000000)
  region size 1024K, 26 young (26624K), 1 survivors (1024K)
 Metaspace       used 20136K, capacity 21456K, committed 21504K, reserved 1073152K
  class space    used 2339K, capacity 2534K, committed 2560K, reserved 1048576K
}
Event: 2.894 GC heap after
{Heap after GC invocations=7 (full 0):
 garbage-first heap   total 71680K, used 19765K [0x0000000091000000, 0x0000000100000000)
  region size 1024K, 5 young (5120K), 5 survivors (5120K)
 Metaspace       used 20136K, capacity 21456K, committed 21504K, reserved 1073152K
  class space    used 2339K, capacity 2534K, committed 2560K, reserved 1048576K
}

Deoptimization events (20 events):
Event: 3.440 Thread 0x0000027458264000 DEOPT PACKING pc=0x0000027468815d1c sp=0x000000c6b24f7ab0
Event: 3.440 Thread 0x0000027458264000 DEOPT UNPACKING pc=0x0000027460d2912f sp=0x000000c6b24f7a60 mode 2
Event: 3.440 Thread 0x0000027458264000 Uncommon trap: trap_request=0xffffff45 fr.pc=0x00000274687c64bc relative=0x00000000000000fc
Event: 3.440 Thread 0x0000027458264000 Uncommon trap: reason=unstable_if action=reinterpret pc=0x00000274687c64bc method=java.lang.String.getBytes([BIB)V @ 5 c2
Event: 3.440 Thread 0x0000027458264000 DEOPT PACKING pc=0x00000274687c64bc sp=0x000000c6b24f7a10
Event: 3.440 Thread 0x0000027458264000 DEOPT UNPACKING pc=0x0000027460d2912f sp=0x000000c6b24f79d8 mode 2
Event: 3.440 Thread 0x0000027458264000 Uncommon trap: trap_request=0xffffff45 fr.pc=0x0000027468864964 relative=0x00000000000000c4
Event: 3.440 Thread 0x0000027458264000 Uncommon trap: reason=unstable_if action=reinterpret pc=0x0000027468864964 method=java.lang.StringConcatHelper.newString([BJ)Ljava/lang/String; @ 3 c2
Event: 3.440 Thread 0x0000027458264000 DEOPT PACKING pc=0x0000027468864964 sp=0x000000c6b24f7ae0
Event: 3.440 Thread 0x0000027458264000 DEOPT UNPACKING pc=0x0000027460d2912f sp=0x000000c6b24f7a68 mode 2
Event: 3.440 Thread 0x0000027458264000 Uncommon trap: trap_request=0xffffff45 fr.pc=0x00000274687d4e80 relative=0x0000000000000d60
Event: 3.440 Thread 0x0000027458264000 Uncommon trap: reason=unstable_if action=reinterpret pc=0x00000274687d4e80 method=java.lang.StringCoding.encodeUTF8(B[BZ)[B @ 2 c2
Event: 3.440 Thread 0x0000027458264000 DEOPT PACKING pc=0x00000274687d4e80 sp=0x000000c6b24f78c0
Event: 3.440 Thread 0x0000027458264000 DEOPT UNPACKING pc=0x0000027460d2912f sp=0x000000c6b24f76b0 mode 2
Event: 3.440 Thread 0x0000027458264000 Uncommon trap: trap_request=0xffffff76 fr.pc=0x00000274687e2dac relative=0x00000000000001cc
Event: 3.440 Thread 0x0000027458264000 Uncommon trap: reason=predicate action=maybe_recompile pc=0x00000274687e2dac method=sun.net.www.ParseUtil.firstEncodeIndex(Ljava/lang/String;)I @ 9 c2
Event: 3.440 Thread 0x0000027458264000 DEOPT PACKING pc=0x00000274687e2dac sp=0x000000c6b24f78d0
Event: 3.440 Thread 0x0000027458264000 DEOPT UNPACKING pc=0x0000027460d2912f sp=0x000000c6b24f7858 mode 2
Event: 3.605 Thread 0x0000027458264000 DEOPT PACKING pc=0x00000274616df898 sp=0x000000c6b24fca00
Event: 3.605 Thread 0x0000027458264000 DEOPT UNPACKING pc=0x0000027460d2964e sp=0x000000c6b24fbf18 mode 0

Classes unloaded (0 events):
No events

Classes redefined (0 events):
No events

Internal exceptions (20 events):
Event: 1.491 Thread 0x0000027458264000 Exception <a 'java/lang/NoSuchMethodError'{0x00000000921c4ce0}: 'int java.lang.invoke.DelegatingMethodHandle$Holder.reinvoke_L(java.lang.Object, java.lang.Object, java.lang.Object, long, java.lang.Object, java.lang.Object)'> (0x00000000921c4ce0) 
thrown [./src/hotspot/share/interpreter/linkResolver.cpp, line 766]
Event: 1.493 Thread 0x0000027458264000 Exception <a 'java/lang/NoSuchMethodError'{0x00000000921d0c28}: 'void java.lang.invoke.DelegatingMethodHandle$Holder.reinvoke_L(java.lang.Object, java.lang.Object, java.lang.Object, long, java.lang.Object)'> (0x00000000921d0c28) 
thrown [./src/hotspot/share/interpreter/linkResolver.cpp, line 766]
Event: 1.494 Thread 0x0000027458264000 Exception <a 'java/lang/NoSuchMethodError'{0x00000000921d6e48}: 'java.lang.Object java.lang.invoke.DirectMethodHandle$Holder.invokeSpecial(java.lang.Object, java.lang.Object, java.lang.Object, java.lang.Object, long)'> (0x00000000921d6e48) 
thrown [./src/hotspot/share/interpreter/linkResolver.cpp, line 766]
Event: 1.497 Thread 0x0000027458264000 Exception <a 'java/lang/NoSuchMethodError'{0x00000000921ee210}: 'long java.lang.invoke.Invokers$Holder.invoke_MT(java.lang.Object, java.lang.Object, java.lang.Object, java.lang.Object)'> (0x00000000921ee210) 
thrown [./src/hotspot/share/interpreter/linkResolver.cpp, line 766]
Event: 1.499 Thread 0x0000027458264000 Exception <a 'java/lang/NoSuchMethodError'{0x00000000921f7c20}: 'int java.lang.invoke.DirectMethodHandle$Holder.invokeSpecial(java.lang.Object, java.lang.Object, java.lang.Object, java.lang.Object)'> (0x00000000921f7c20) 
thrown [./src/hotspot/share/interpreter/linkResolver.cpp, line 766]
Event: 1.499 Thread 0x0000027458264000 Exception <a 'java/lang/NoSuchMethodError'{0x00000000921fac20}: 'int java.lang.invoke.Invokers$Holder.invoke_MT(java.lang.Object, java.lang.Object, java.lang.Object, java.lang.Object)'> (0x00000000921fac20) 
thrown [./src/hotspot/share/interpreter/linkResolver.cpp, line 766]
Event: 1.501 Thread 0x0000027458264000 Exception <a 'java/lang/NoSuchMethodError'{0x0000000092008608}: 'int java.lang.invoke.DelegatingMethodHandle$Holder.reinvoke_L(java.lang.Object, java.lang.Object, java.lang.Object, long, int)'> (0x0000000092008608) 
thrown [./src/hotspot/share/interpreter/linkResolver.cpp, line 766]
Event: 1.865 Thread 0x0000027458264000 Exception <a 'java/lang/NoSuchMethodError'{0x00000000928fdb88}: 'int java.lang.invoke.DirectMethodHandle$Holder.invokeSpecialIFC(java.lang.Object, java.lang.Object, int)'> (0x00000000928fdb88) 
thrown [./src/hotspot/share/interpreter/linkResolver.cpp, line 766]
Event: 2.192 Thread 0x0000027458264000 Exception <a 'java/lang/NoSuchMethodError'{0x0000000097da0628}: 'java.lang.Object java.lang.invoke.DirectMethodHandle$Holder.invokeStaticInit(java.lang.Object, int)'> (0x0000000097da0628) 
thrown [./src/hotspot/share/interpreter/linkResolver.cpp, line 766]
Event: 2.241 Thread 0x0000027458264000 Exception <a 'java/lang/NoSuchMethodError'{0x000000009525db00}: 'long java.lang.invoke.DirectMethodHandle$Holder.invokeStaticInit(java.lang.Object)'> (0x000000009525db00) 
thrown [./src/hotspot/share/interpreter/linkResolver.cpp, line 766]
Event: 2.336 Thread 0x0000027458264000 Exception <a 'java/lang/NoSuchMethodError'{0x0000000094e05e98}: 'int java.lang.invoke.DirectMethodHandle$Holder.invokeStaticInit(java.lang.Object, java.lang.Object, java.lang.Object)'> (0x0000000094e05e98) 
thrown [./src/hotspot/share/interpreter/linkResolver.cpp, line 766]
Event: 2.338 Thread 0x0000027458264000 Exception <a 'java/lang/NoSuchMethodError'{0x0000000094e0e8d8}: 'void java.lang.invoke.DirectMethodHandle$Holder.invokeSpecial(java.lang.Object, java.lang.Object, java.lang.Object, java.lang.Object)'> (0x0000000094e0e8d8) 
thrown [./src/hotspot/share/interpreter/linkResolver.cpp, line 766]
Event: 2.342 Thread 0x0000027458264000 Exception <a 'java/lang/NoSuchMethodError'{0x0000000094e317f0}: 'int java.lang.invoke.DirectMethodHandle$Holder.invokeStaticInit(java.lang.Object, java.lang.Object)'> (0x0000000094e317f0) 
thrown [./src/hotspot/share/interpreter/linkResolver.cpp, line 766]
Event: 2.410 Thread 0x0000027458264000 Exception <a 'java/lang/NoSuchMethodError'{0x0000000094c2ab38}: 'void java.lang.invoke.DirectMethodHandle$Holder.invokeSpecial(java.lang.Object, java.lang.Object)'> (0x0000000094c2ab38) 
thrown [./src/hotspot/share/interpreter/linkResolver.cpp, line 766]
Event: 2.740 Thread 0x0000027458264000 Exception <a 'java/lang/NoSuchMethodError'{0x000000009439fa98}: 'void java.lang.invoke.DirectMethodHandle$Holder.invokeStatic(java.lang.Object, java.lang.Object, java.lang.Object, java.lang.Object)'> (0x000000009439fa98) 
thrown [./src/hotspot/share/interpreter/linkResolver.cpp, line 766]
Event: 2.835 Thread 0x0000027458264000 Exception <a 'java/lang/NoSuchMethodError'{0x0000000093f78710}: 'void java.lang.invoke.DirectMethodHandle$Holder.invokeStaticInit(java.lang.Object, java.lang.Object)'> (0x0000000093f78710) 
thrown [./src/hotspot/share/interpreter/linkResolver.cpp, line 766]
Event: 2.999 Thread 0x0000027458264000 Exception <a 'java/lang/NoSuchMethodError'{0x0000000095269a28}: 'void java.lang.invoke.DirectMethodHandle$Holder.invokeVirtual(java.lang.Object, java.lang.Object)'> (0x0000000095269a28) 
thrown [./src/hotspot/share/interpreter/linkResolver.cpp, line 766]
Event: 3.067 Thread 0x0000027458264000 Exception <a 'java/lang/NoSuchMethodError'{0x00000000950d0388}: 'int java.lang.invoke.DirectMethodHandle$Holder.invokeVirtual(java.lang.Object, java.lang.Object)'> (0x00000000950d0388) 
thrown [./src/hotspot/share/interpreter/linkResolver.cpp, line 766]
Event: 3.096 Thread 0x0000027458264000 Exception <a 'java/lang/NoSuchMethodError'{0x0000000094f86bc8}: 'java.lang.Object java.lang.invoke.Invokers$Holder.invokeExact_MT(java.lang.Object, java.lang.Object, java.lang.Object, java.lang.Object, java.lang.Object, java.lang.Object)'> (0x0000000094f86bc8) 
thrown [./src/hotspot/share/interpreter/linkResolver.cpp, line 766]
Event: 3.258 Thread 0x0000027458264000 Exception <a 'java/lang/NoSuchMethodError'{0x0000000094bb95f8}: 'java.lang.Object java.lang.invoke.Invokers$Holder.invoke_MT(java.lang.Object, java.lang.Object, java.lang.Object)'> (0x0000000094bb95f8) 
thrown [./src/hotspot/share/interpreter/linkResolver.cpp, line 766]

Events (20 events):
Event: 3.369 loading class java/nio/ByteBufferAsIntBufferL
Event: 3.369 loading class java/nio/ByteBufferAsIntBufferL done
Event: 3.376 loading class java/nio/channels/Channels
Event: 3.376 loading class java/nio/channels/Channels done
Event: 3.376 loading class java/nio/channels/Channels$ReadableByteChannelImpl
Event: 3.377 loading class java/nio/channels/Channels$ReadableByteChannelImpl done
Event: 3.377 loading class java/nio/channels/NonWritableChannelException
Event: 3.377 loading class java/nio/channels/NonWritableChannelException done
Event: 3.377 loading class sun/nio/ch/ChannelInputStream
Event: 3.378 loading class sun/nio/ch/ChannelInputStream done
Event: 3.378 loading class java/nio/channels/SelectableChannel
Event: 3.378 loading class java/nio/channels/SelectableChannel done
Event: 3.535 loading class java/beans/PropertyChangeSupport
Event: 3.536 loading class java/beans/PropertyChangeSupport done
Event: 3.536 loading class java/beans/PropertyChangeSupport$PropertyChangeListenerMap
Event: 3.536 loading class java/beans/ChangeListenerMap
Event: 3.536 loading class java/beans/ChangeListenerMap done
Event: 3.536 loading class java/beans/PropertyChangeSupport$PropertyChangeListenerMap done
Event: 3.536 loading class java/beans/PropertyChangeListener
Event: 3.536 loading class java/beans/PropertyChangeListener done


Dynamic libraries:
0x00007ff61b1b0000 - 0x00007ff61b1bd000 	D:\Programs\Java\jdk-14.0.2+12\bin\java.exe
0x00007ffc162e0000 - 0x00007ffc164e9000 	C:\WINDOWS\SYSTEM32\ntdll.dll
0x00007ffc14270000 - 0x00007ffc1432e000 	C:\WINDOWS\System32\KERNEL32.DLL
0x00007ffc13c40000 - 0x00007ffc13fbb000 	C:\WINDOWS\System32\KERNELBASE.dll
0x00007ffc13a00000 - 0x00007ffc13b11000 	C:\WINDOWS\System32\ucrtbase.dll
0x00007ffc05240000 - 0x00007ffc05255000 	D:\Programs\Java\jdk-14.0.2+12\bin\VCRUNTIME140.dll
0x00007ffc04d80000 - 0x00007ffc04d98000 	D:\Programs\Java\jdk-14.0.2+12\bin\jli.dll
0x00007ffc129d0000 - 0x00007ffc12c75000 	C:\WINDOWS\WinSxS\amd64_microsoft.windows.common-controls_6595b64144ccf1df_6.0.22000.120_none_9d947278b86cc467\COMCTL32.dll
0x00007ffc15c80000 - 0x00007ffc15e2d000 	C:\WINDOWS\System32\USER32.dll
0x00007ffc141c0000 - 0x00007ffc14263000 	C:\WINDOWS\System32\msvcrt.dll
0x00007ffc14130000 - 0x00007ffc14156000 	C:\WINDOWS\System32\win32u.dll
0x00007ffc15870000 - 0x00007ffc15899000 	C:\WINDOWS\System32\GDI32.dll
0x00007ffc13b20000 - 0x00007ffc13c38000 	C:\WINDOWS\System32\gdi32full.dll
0x00007ffc13870000 - 0x00007ffc1390d000 	C:\WINDOWS\System32\msvcp_win.dll
0x00007ffc144b0000 - 0x00007ffc144e2000 	C:\WINDOWS\System32\IMM32.DLL
0x00007ffbea1d0000 - 0x00007ffbea26b000 	D:\Programs\Java\jdk-14.0.2+12\bin\msvcp140.dll
0x00007ffb9dce0000 - 0x00007ffb9e874000 	D:\Programs\Java\jdk-14.0.2+12\bin\server\jvm.dll
0x00007ffc153e0000 - 0x00007ffc1548e000 	C:\WINDOWS\System32\ADVAPI32.dll
0x00007ffc15290000 - 0x00007ffc1532e000 	C:\WINDOWS\System32\sechost.dll
0x00007ffc14330000 - 0x00007ffc14450000 	C:\WINDOWS\System32\RPCRT4.dll
0x00007ffc15610000 - 0x00007ffc15618000 	C:\WINDOWS\System32\PSAPI.DLL
0x00007ffc0db30000 - 0x00007ffc0db39000 	C:\WINDOWS\SYSTEM32\WSOCK32.dll
0x00007ffc10040000 - 0x00007ffc1004a000 	C:\WINDOWS\SYSTEM32\VERSION.dll
0x00007ffc0fb20000 - 0x00007ffc0fb53000 	C:\WINDOWS\SYSTEM32\WINMM.dll
0x00007ffc15620000 - 0x00007ffc1568f000 	C:\WINDOWS\System32\WS2_32.dll
0x00007ffc11970000 - 0x00007ffc11988000 	C:\WINDOWS\SYSTEM32\kernel.appcore.dll
0x00007ffc0dfc0000 - 0x00007ffc0dfca000 	D:\Programs\Java\jdk-14.0.2+12\bin\jimage.dll
0x00007ffc13150000 - 0x00007ffc13371000 	C:\WINDOWS\SYSTEM32\DBGHELP.DLL
0x00007ffc12fd0000 - 0x00007ffc13001000 	C:\WINDOWS\SYSTEM32\dbgcore.DLL
0x00007ffc13980000 - 0x00007ffc139ff000 	C:\WINDOWS\System32\bcryptPrimitives.dll
0x00007ffc03d20000 - 0x00007ffc03d45000 	D:\Programs\Java\jdk-14.0.2+12\bin\java.dll
0x00007ffc04d20000 - 0x00007ffc04d36000 	D:\Programs\Java\jdk-14.0.2+12\bin\zip.dll
0x00007ffc144f0000 - 0x00007ffc14ca7000 	C:\WINDOWS\System32\SHELL32.dll
0x00007ffc109e0000 - 0x00007ffc11245000 	C:\WINDOWS\SYSTEM32\windows.storage.dll
0x00007ffc14cb0000 - 0x00007ffc15028000 	C:\WINDOWS\System32\combase.dll
0x00007ffc10870000 - 0x00007ffc109d6000 	C:\WINDOWS\SYSTEM32\wintypes.dll
0x00007ffc15490000 - 0x00007ffc1557a000 	C:\WINDOWS\System32\SHCORE.dll
0x00007ffc14450000 - 0x00007ffc144ad000 	C:\WINDOWS\System32\shlwapi.dll
0x00007ffc136e0000 - 0x00007ffc13701000 	C:\WINDOWS\SYSTEM32\profapi.dll
0x00007ffc04630000 - 0x00007ffc04649000 	D:\Programs\Java\jdk-14.0.2+12\bin\net.dll
0x00007ffc0c260000 - 0x00007ffc0c374000 	C:\WINDOWS\SYSTEM32\WINHTTP.dll
0x00007ffc12630000 - 0x00007ffc12697000 	C:\WINDOWS\system32\mswsock.dll
0x00007ffbd80a0000 - 0x00007ffbd80b2000 	D:\Programs\Java\jdk-14.0.2+12\bin\nio.dll
0x00007ffc068b0000 - 0x00007ffc068c0000 	D:\Programs\Java\jdk-14.0.2+12\bin\verify.dll

dbghelp: loaded successfully - version: 4.0.5 - missing functions: none
symbol engine: initialized successfully - sym options: 0x614 - pdb path: .;D:\Programs\Java\jdk-14.0.2+12\bin;C:\WINDOWS\SYSTEM32;C:\WINDOWS\WinSxS\amd64_microsoft.windows.common-controls_6595b64144ccf1df_6.0.22000.120_none_9d947278b86cc467;D:\Programs\Java\jdk-14.0.2+12\bin\server

VM Arguments:
java_command: org.jetbrains.kotlin.cli.jvm.K2JVMCompiler @D:\Documents\Study\ITMO\Multithreading Programming\homework\casn-without-aba\build\20230122_4025322676282518065.compiler.options
java_class_path (initial): C:\Users\KhoDis\.gradle\caches\modules-2\files-2.1\org.jetbrains.kotlin\kotlin-compiler-embeddable\1.7.10\909803167c98606fcf22b4c848647c68e351d48d\kotlin-compiler-embeddable-1.7.10.jar;C:\Users\KhoDis\.gradle\caches\modules-2\files-2.1\org.jetbrains.kotlin\kotlin-reflect\1.7.10\165e600dfea6185cf5efa700756294cc4904dbeb\kotlin-reflect-1.7.10.jar;C:\Users\KhoDis\.gradle\caches\modules-2\files-2.1\org.jetbrains.kotlin\kotlin-stdlib\1.7.10\d2abf9e77736acc4450dc4a3f707fa2c10f5099d\kotlin-stdlib-1.7.10.jar;C:\Users\KhoDis\.gradle\caches\modules-2\files-2.1\org.jetbrains.kotlin\kotlin-script-runtime\1.7.10\c99c87a6988d8fd8d5142e9ed5c9f34a7cf561ee\kotlin-script-runtime-1.7.10.jar;C:\Users\KhoDis\.gradle\caches\modules-2\files-2.1\org.jetbrains.kotlin\kotlin-daemon-embeddable\1.7.10\3a9f7aef7080d3ae63126cbba4f827ed664f32fa\kotlin-daemon-embeddable-1.7.10.jar;C:\Users\KhoDis\.gradle\caches\modules-2\files-2.1\org.jetbrains.intellij.deps\trove4j\1.0.20200330\3afb14d5f9ceb459d724e907a21145e8ff394f02\trove4j-1.0.20200330.jar;C:\Users\KhoDis\.gradle\caches\modules-2\files-2.1\net.java.dev.jna\jna\5.6.0\330f2244e9030119ab3030fc3fededc86713d9cc\jna-5.6.0.jar;C:\Users\KhoDis\.gradle\caches\modules-2\files-2.1\org.jetbrains.kotlin\kotlin-stdlib-common\1.7.10\bac80c520d0a9e3f3673bc2658c6ed02ef45a76a\kotlin-stdlib-common-1.7.10.jar;C:\Users\KhoDis\.gradle\caches\modules-2\files-2.1\org.jetbrains\annotations\13.0\919f0dfe192fb4e063e7dacadee7f8bb9a2672a9\annotations-13.0.jar
Launcher Type: SUN_STANDARD

[Global flags]
     intx CICompilerCount                          = 4                                         {product} {ergonomic}
     uint ConcGCThreads                            = 2                                         {product} {ergonomic}
     uint G1ConcRefinementThreads                  = 8                                         {product} {ergonomic}
   size_t G1HeapRegionSize                         = 1048576                                   {product} {ergonomic}
    uintx GCDrainStackTargetSize                   = 64                                        {product} {ergonomic}
   size_t InitialHeapSize                          = 117440512                                 {product} {ergonomic}
   size_t MarkStackSize                            = 4194304                                   {product} {ergonomic}
   size_t MaxHeapSize                              = 1862270976                                {product} {ergonomic}
   size_t MaxNewSize                               = 1116733440                                {product} {ergonomic}
   size_t MinHeapDeltaBytes                        = 1048576                                   {product} {ergonomic}
   size_t MinHeapSize                              = 8388608                                   {product} {ergonomic}
    uintx NonNMethodCodeHeapSize                   = 5839372                                {pd product} {ergonomic}
    uintx NonProfiledCodeHeapSize                  = 122909434                              {pd product} {ergonomic}
    uintx ProfiledCodeHeapSize                     = 122909434                              {pd product} {ergonomic}
    uintx ReservedCodeCacheSize                    = 251658240                              {pd product} {ergonomic}
     bool SegmentedCodeCache                       = true                                      {product} {ergonomic}
   size_t SoftMaxHeapSize                          = 1862270976                             {manageable} {ergonomic}
     bool UseCompressedClassPointers               = true                                 {lp64_product} {ergonomic}
     bool UseCompressedOops                        = true                                 {lp64_product} {ergonomic}
     bool UseG1GC                                  = true                                      {product} {ergonomic}
     bool UseLargePagesIndividualAllocation        = false                                  {pd product} {ergonomic}

Logging:
Log output configuration:
 #0: stdout all=warning uptime,level,tags
 #1: stderr all=off uptime,level,tags

Environment Variables:
JAVA_HOME=D:\Programs\Java\jdk-14.0.2+12\
PATH=C:\Program Files (x86)\Common Files\Intel\Shared Libraries\redist\intel64\compiler;C:\Program Files\Common Files\Oracle\Java\javapath;C:\Program Files (x86)\NVIDIA Corporation\PhysX\Common;C:\Program Files (x86)\Common Files\Oracle\Java\javapath;D:\Programs\mingw-w64\x86_64-8.1.0-posix-seh-rt_v6-rev0\mingw64\bin;C:\WINDOWS\system32;C:\WINDOWS;C:\WINDOWS\System32\Wbem;C:\WINDOWS\System32\WindowsPowerShell\v1.0\;C:\WINDOWS\System32\OpenSSH\;D:\Programs\GraalVM\graalvm-ce-java11-21.0.0.2\bin;D:\Programs\Lein;D:\Programs\pbox;D:\Programs\msys\usr\bin;D:\Programs\Gradle\gradle-7.2\bin;D:\Programs\maven3\bin;D:\Programs\ngrok;D:\Programs\Python\Python39;D:\Programs\Java\jdk-14.0.2+12\bin;D:\Programs\nodejs\;D:\Programs\Git\cmd;D:\Data\Scripts;D:\Programs\HaskellStack\local\bin\;D:\Programs\cabal\bin;D:\Programs\GnuWin32\bin;D:\Programs\Strawberry\c\bin;D:\Programs\Strawberry\perl\site\bin;D:\Programs\Strawberry\perl\bin;C:\Program Files (x86)\Windows Kits\10\Windows Performance Toolkit\;D:\Programs\vcpkg\;D:\Programs\Graphviz\bin;C:\Program Files\dotnet\;D:\Programs\AntiMicroX\bin;D:\Programs\Rust\.cargo\bin;D:\HaskellStack\local\bin;C:\Users\KhoDis\AppData\Roaming\local\bin;C:\Users\KhoDis\.cargo\bin;C:\Users\KhoDis\AppData\Local\Microsoft\WindowsApps;D:\Programs\Microsoft VS Code\bin;C:\Users\KhoDis\AppData\Local\GitHubDesktop\bin;D:\Programs\JetBrains\PyCharm 2021.2.3\bin;C:\Users\KhoDis\AppData\Roaming\npm;D:\Programs\GHCup\ghcup\bin;D:\Programs\ghcup\bin;C:\Users\KhoDis\AppData\Local\JetBrains\Toolbox\scripts
USERNAME=KhoDis
OS=Windows_NT
PROCESSOR_IDENTIFIER=AMD64 Family 23 Model 24 Stepping 1, AuthenticAMD



---------------  S Y S T E M  ---------------

OS: Windows 10 , 64 bit Build 22000 (10.0.22000.1335)
OS uptime: 6 days 3:32 hours

CPU:total 8 (initial active 8) (8 cores per cpu, 2 threads per core) family 23 model 24 stepping 1, cmov, cx8, fxsr, mmx, sse, sse2, sse3, ssse3, sse4.1, sse4.2, popcnt, avx, avx2, aes, clmul, mmxext, 3dnowpref, lzcnt, sse4a, ht, tsc, tscinvbit, tscinv, bmi1, bmi2, adx, sha, fma

Memory: 4k page, system-wide physical 7103M (280M free)
TotalPageFile size 17343M (AvailPageFile size 5M)
current process WorkingSet (physical memory assigned to process): 167M, peak: 168M
current process commit charge ("private bytes"): 223M, peak: 225M

vm_info: OpenJDK 64-Bit Server VM (14.0.2+12) for windows-amd64 JRE (14.0.2+12), built on Jul 15 2020 11:30:16 by "" with MS VC++ 15.9 (VS2017)

END.
